<?xml version="1.0" encoding="UTF-8"?>
<!-- Generated by org.testng.reporters.JUnitReportReporter -->
<testsuite hostname="DESKTOP-RTFCJSA" failures="0" tests="2" name="anhtester.com.Bai10_AnnotationTestNG.LoginCMS" time="19.265" errors="0" timestamp="2023-05-05T09:57:38 ICT" skipped="0">
  <testcase classname="anhtester.com.Bai10_AnnotationTestNG.LoginCMS" name="testAnhTesterBlog" time="10.938"/>
  <system-out/>
  <testcase classname="anhtester.com.Bai10_AnnotationTestNG.LoginCMS" name="testLoginCMS" time="8.327"/>
  <system-out/>
</testsuite> <!-- anhtester.com.Bai10_AnnotationTestNG.LoginCMS -->
